[debug] [2022-03-04T18:04:27.754Z] ----------------------------------------------------------------------
[debug] [2022-03-04T18:04:27.755Z] Command:       C:\Program Files\nodejs\node.exe C:\Users\Shiva\AppData\Roaming\npm\node_modules\firebase-tools\lib\bin\firebase.js init
[debug] [2022-03-04T18:04:27.756Z] CLI Version:   10.2.2
[debug] [2022-03-04T18:04:27.756Z] Platform:      win32
[debug] [2022-03-04T18:04:27.756Z] Node Version:  v14.17.3
[debug] [2022-03-04T18:04:27.758Z] Time:          Fri Mar 04 2022 23:34:27 GMT+0530 (India Standard Time)
[debug] [2022-03-04T18:04:27.759Z] ----------------------------------------------------------------------
[debug] 
[debug] [2022-03-04T18:04:27.763Z] > command requires scopes: ["email","openid","https://www.googleapis.com/auth/cloudplatformprojects.readonly","https://www.googleapis.com/auth/firebase","https://www.googleapis.com/auth/cloud-platform"]
[debug] [2022-03-04T18:04:27.764Z] > authorizing via signed-in user (saishiva191@gmail.com)
[info] 
     ######## #### ########  ######## ########     ###     ######  ########
     ##        ##  ##     ## ##       ##     ##  ##   ##  ##       ##
     ######    ##  ########  ######   ########  #########  ######  ######
     ##        ##  ##    ##  ##       ##     ## ##     ##       ## ##
     ##       #### ##     ## ######## ########  ##     ##  ######  ########

You're about to initialize a Firebase project in this directory:

  C:\Users\Shiva\OneDrive\Desktop\Projects\blog-app

[info] 
=== Project Setup
[info] 
[info] First, let's associate this project directory with a Firebase project.
[info] You can create multiple project aliases by running firebase use --add, 
[info] but for now we'll just set up a default project.
[info] 
[debug] [2022-03-04T18:05:48.224Z] > refreshing access token with scopes: []
[debug] [2022-03-04T18:05:48.224Z] >>> HTTP REQUEST POST https://www.googleapis.com/oauth2/v3/token  
 <request body omitted>
[debug] [2022-03-04T18:05:48.698Z] <<< HTTP RESPONSE 200 {"expires":"Mon, 01 Jan 1990 00:00:00 GMT","date":"Fri, 04 Mar 2022 18:05:53 GMT","cache-control":"no-cache, no-store, max-age=0, must-revalidate","pragma":"no-cache","content-type":"application/json; charset=utf-8","vary":"X-Origin, Referer, Origin,Accept-Encoding","server":"scaffolding on HTTPServer2","x-xss-protection":"0","x-frame-options":"SAMEORIGIN","x-content-type-options":"nosniff","alt-svc":"h3=\":443\"; ma=2592000,h3-29=\":443\"; ma=2592000,h3-Q050=\":443\"; ma=2592000,h3-Q046=\":443\"; ma=2592000,h3-Q043=\":443\"; ma=2592000,quic=\":443\"; ma=2592000; v=\"46,43\"","accept-ranges":"none","transfer-encoding":"chunked"}
[debug] [2022-03-04T18:05:48.732Z] >>> [apiv2][query] GET https://firebase.googleapis.com/v1beta1/projects pageSize=100
